2022-01-05 17:20:42.959  INFO 82379 --- [Thread-215] j.LocalContainerEntityManagerFactoryBean : Closing JPA EntityManagerFactory for persistence unit 'default'
2022-01-05 17:20:42.960  INFO 82379 --- [Thread-215] com.zaxxer.hikari.HikariDataSource       : HikariPool-54 - Shutdown initiated...
2022-01-05 17:20:42.961  INFO 82379 --- [Thread-215] com.zaxxer.hikari.HikariDataSource       : HikariPool-54 - Shutdown completed.
2022-01-05 17:20:43.041  INFO 82379 --- [restartedMain] com.example.demo.DemoApplication         : Starting DemoApplication using Java 11.0.11 on terminal-HP-15-Notebook-PC with PID 82379 (/home/terminal/dev-room/projects/spring-boot/demo/spring-backend/target/classes started by terminal in /home/terminal/dev-room/projects/spring-boot/demo/spring-backend)
2022-01-05 17:20:43.042  INFO 82379 --- [restartedMain] com.example.demo.DemoApplication         : No active profile set, falling back to default profiles: default
2022-01-05 17:20:43.224  INFO 82379 --- [restartedMain] .s.d.r.c.RepositoryConfigurationDelegate : Bootstrapping Spring Data JPA repositories in DEFAULT mode.
2022-01-05 17:20:43.231  INFO 82379 --- [restartedMain] .s.d.r.c.RepositoryConfigurationDelegate : Finished Spring Data repository scanning in 6 ms. Found 1 JPA repository interfaces.
2022-01-05 17:20:43.345  INFO 82379 --- [restartedMain] o.s.b.w.embedded.tomcat.TomcatWebServer  : Tomcat initialized with port(s): 8080 (http)
2022-01-05 17:20:43.346  INFO 82379 --- [restartedMain] o.apache.catalina.core.StandardService   : Starting service [Tomcat]
2022-01-05 17:20:43.346  INFO 82379 --- [restartedMain] org.apache.catalina.core.StandardEngine  : Starting Servlet engine: [Apache Tomcat/9.0.55]
2022-01-05 17:20:43.351  INFO 82379 --- [restartedMain] o.a.c.c.C.[Tomcat].[localhost].[/]       : Initializing Spring embedded WebApplicationContext
2022-01-05 17:20:43.351  INFO 82379 --- [restartedMain] w.s.c.ServletWebServerApplicationContext : Root WebApplicationContext: initialization completed in 308 ms
2022-01-05 17:20:43.413  INFO 82379 --- [restartedMain] o.hibernate.jpa.internal.util.LogHelper  : HHH000204: Processing PersistenceUnitInfo [name: default]
2022-01-05 17:20:43.420  INFO 82379 --- [restartedMain] com.zaxxer.hikari.HikariDataSource       : HikariPool-55 - Starting...
2022-01-05 17:20:43.423  INFO 82379 --- [restartedMain] com.zaxxer.hikari.HikariDataSource       : HikariPool-55 - Start completed.
2022-01-05 17:20:43.424  INFO 82379 --- [restartedMain] org.hibernate.dialect.Dialect            : HHH000400: Using dialect: org.hibernate.dialect.MySQL5InnoDBDialect
2022-01-05 17:20:43.462  INFO 82379 --- [restartedMain] o.h.e.t.j.p.i.JtaPlatformInitiator       : HHH000490: Using JtaPlatform implementation: [org.hibernate.engine.transaction.jta.platform.internal.NoJtaPlatform]
2022-01-05 17:20:43.462  INFO 82379 --- [restartedMain] j.LocalContainerEntityManagerFactoryBean : Initialized JPA EntityManagerFactory for persistence unit 'default'
2022-01-05 17:20:43.536  WARN 82379 --- [restartedMain] JpaBaseConfiguration$JpaWebConfiguration : spring.jpa.open-in-view is enabled by default. Therefore, database queries may be performed during view rendering. Explicitly configure spring.jpa.open-in-view to disable this warning
2022-01-05 17:20:43.661  INFO 82379 --- [restartedMain] o.s.b.d.a.OptionalLiveReloadServer       : LiveReload server is running on port 35729
2022-01-05 17:20:43.670  INFO 82379 --- [restartedMain] o.s.b.w.embedded.tomcat.TomcatWebServer  : Tomcat started on port(s): 8080 (http) with context path ''
2022-01-05 17:20:43.678  INFO 82379 --- [restartedMain] com.example.demo.DemoApplication         : Started DemoApplication in 0.65 seconds (JVM running for 23195.667)
2022-01-05 17:20:43.680  INFO 82379 --- [restartedMain] .ConditionEvaluationDeltaLoggingListener : Condition evaluation unchanged
2022-01-05 17:20:43.680 ERROR 82379 --- [restartedMain] com.example.demo.DemoApplication         : log4j logging
2022-01-05 17:20:43.680 ERROR 82379 --- [restartedMain] com.example.demo.DemoApplication         : slf4j loggin
2022-01-05 17:20:45.075  INFO 82379 --- [Thread-219] j.LocalContainerEntityManagerFactoryBean : Closing JPA EntityManagerFactory for persistence unit 'default'
2022-01-05 17:20:45.076  INFO 82379 --- [Thread-219] com.zaxxer.hikari.HikariDataSource       : HikariPool-55 - Shutdown initiated...
2022-01-05 17:20:45.078  INFO 82379 --- [Thread-219] com.zaxxer.hikari.HikariDataSource       : HikariPool-55 - Shutdown completed.
2022-01-05 17:20:45.161  INFO 82379 --- [restartedMain] com.example.demo.DemoApplication         : Starting DemoApplication using Java 11.0.11 on terminal-HP-15-Notebook-PC with PID 82379 (/home/terminal/dev-room/projects/spring-boot/demo/spring-backend/target/classes started by terminal in /home/terminal/dev-room/projects/spring-boot/demo/spring-backend)
2022-01-05 17:20:45.161  INFO 82379 --- [restartedMain] com.example.demo.DemoApplication         : No active profile set, falling back to default profiles: default
2022-01-05 17:20:45.305  INFO 82379 --- [restartedMain] .s.d.r.c.RepositoryConfigurationDelegate : Bootstrapping Spring Data JPA repositories in DEFAULT mode.
2022-01-05 17:20:45.313  INFO 82379 --- [restartedMain] .s.d.r.c.RepositoryConfigurationDelegate : Finished Spring Data repository scanning in 6 ms. Found 1 JPA repository interfaces.
2022-01-05 17:20:45.391  INFO 82379 --- [restartedMain] o.s.b.w.embedded.tomcat.TomcatWebServer  : Tomcat initialized with port(s): 8080 (http)
2022-01-05 17:20:45.392  INFO 82379 --- [restartedMain] o.apache.catalina.core.StandardService   : Starting service [Tomcat]
2022-01-05 17:20:45.392  INFO 82379 --- [restartedMain] org.apache.catalina.core.StandardEngine  : Starting Servlet engine: [Apache Tomcat/9.0.55]
2022-01-05 17:20:45.398  INFO 82379 --- [restartedMain] o.a.c.c.C.[Tomcat].[localhost].[/]       : Initializing Spring embedded WebApplicationContext
2022-01-05 17:20:45.398  INFO 82379 --- [restartedMain] w.s.c.ServletWebServerApplicationContext : Root WebApplicationContext: initialization completed in 235 ms
2022-01-05 17:20:45.441  INFO 82379 --- [restartedMain] o.hibernate.jpa.internal.util.LogHelper  : HHH000204: Processing PersistenceUnitInfo [name: default]
2022-01-05 17:20:45.444  INFO 82379 --- [restartedMain] com.zaxxer.hikari.HikariDataSource       : HikariPool-56 - Starting...
2022-01-05 17:20:45.447  INFO 82379 --- [restartedMain] com.zaxxer.hikari.HikariDataSource       : HikariPool-56 - Start completed.
2022-01-05 17:20:45.447  INFO 82379 --- [restartedMain] org.hibernate.dialect.Dialect            : HHH000400: Using dialect: org.hibernate.dialect.MySQL5InnoDBDialect
2022-01-05 17:20:45.468  INFO 82379 --- [restartedMain] o.h.e.t.j.p.i.JtaPlatformInitiator       : HHH000490: Using JtaPlatform implementation: [org.hibernate.engine.transaction.jta.platform.internal.NoJtaPlatform]
2022-01-05 17:20:45.468  INFO 82379 --- [restartedMain] j.LocalContainerEntityManagerFactoryBean : Initialized JPA EntityManagerFactory for persistence unit 'default'
2022-01-05 17:20:45.521  WARN 82379 --- [restartedMain] JpaBaseConfiguration$JpaWebConfiguration : spring.jpa.open-in-view is enabled by default. Therefore, database queries may be performed during view rendering. Explicitly configure spring.jpa.open-in-view to disable this warning
2022-01-05 17:20:45.604  INFO 82379 --- [restartedMain] o.s.b.d.a.OptionalLiveReloadServer       : LiveReload server is running on port 35729
2022-01-05 17:20:45.612  INFO 82379 --- [restartedMain] o.s.b.w.embedded.tomcat.TomcatWebServer  : Tomcat started on port(s): 8080 (http) with context path ''
2022-01-05 17:20:45.617  INFO 82379 --- [restartedMain] com.example.demo.DemoApplication         : Started DemoApplication in 0.473 seconds (JVM running for 23197.606)
2022-01-05 17:20:45.618  INFO 82379 --- [restartedMain] .ConditionEvaluationDeltaLoggingListener : Condition evaluation unchanged
2022-01-05 17:20:45.619 ERROR 82379 --- [restartedMain] com.example.demo.DemoApplication         : log4j logging
2022-01-05 17:20:45.619 ERROR 82379 --- [restartedMain] com.example.demo.DemoApplication         : slf4j loggin
2022-01-05 17:21:00.037  INFO 82379 --- [Thread-223] j.LocalContainerEntityManagerFactoryBean : Closing JPA EntityManagerFactory for persistence unit 'default'
2022-01-05 17:21:00.038  INFO 82379 --- [Thread-223] com.zaxxer.hikari.HikariDataSource       : HikariPool-56 - Shutdown initiated...
2022-01-05 17:21:00.039  INFO 82379 --- [Thread-223] com.zaxxer.hikari.HikariDataSource       : HikariPool-56 - Shutdown completed.
2022-01-05 17:21:00.126  INFO 82379 --- [restartedMain] com.example.demo.DemoApplication         : Starting DemoApplication using Java 11.0.11 on terminal-HP-15-Notebook-PC with PID 82379 (/home/terminal/dev-room/projects/spring-boot/demo/spring-backend/target/classes started by terminal in /home/terminal/dev-room/projects/spring-boot/demo/spring-backend)
2022-01-05 17:21:00.126  INFO 82379 --- [restartedMain] com.example.demo.DemoApplication         : No active profile set, falling back to default profiles: default
2022-01-05 17:21:00.240  INFO 82379 --- [restartedMain] .s.d.r.c.RepositoryConfigurationDelegate : Bootstrapping Spring Data JPA repositories in DEFAULT mode.
2022-01-05 17:21:00.245  INFO 82379 --- [restartedMain] .s.d.r.c.RepositoryConfigurationDelegate : Finished Spring Data repository scanning in 3 ms. Found 1 JPA repository interfaces.
2022-01-05 17:21:00.302  INFO 82379 --- [restartedMain] o.s.b.w.embedded.tomcat.TomcatWebServer  : Tomcat initialized with port(s): 8080 (http)
2022-01-05 17:21:00.302  INFO 82379 --- [restartedMain] o.apache.catalina.core.StandardService   : Starting service [Tomcat]
2022-01-05 17:21:00.302  INFO 82379 --- [restartedMain] org.apache.catalina.core.StandardEngine  : Starting Servlet engine: [Apache Tomcat/9.0.55]
2022-01-05 17:21:00.307  INFO 82379 --- [restartedMain] o.a.c.c.C.[Tomcat].[localhost].[/]       : Initializing Spring embedded WebApplicationContext
2022-01-05 17:21:00.307  INFO 82379 --- [restartedMain] w.s.c.ServletWebServerApplicationContext : Root WebApplicationContext: initialization completed in 178 ms
2022-01-05 17:21:00.340  INFO 82379 --- [restartedMain] o.hibernate.jpa.internal.util.LogHelper  : HHH000204: Processing PersistenceUnitInfo [name: default]
2022-01-05 17:21:00.343  INFO 82379 --- [restartedMain] com.zaxxer.hikari.HikariDataSource       : HikariPool-57 - Starting...
2022-01-05 17:21:00.345  INFO 82379 --- [restartedMain] com.zaxxer.hikari.HikariDataSource       : HikariPool-57 - Start completed.
2022-01-05 17:21:00.345  INFO 82379 --- [restartedMain] org.hibernate.dialect.Dialect            : HHH000400: Using dialect: org.hibernate.dialect.MySQL5InnoDBDialect
2022-01-05 17:21:00.366  INFO 82379 --- [restartedMain] o.h.e.t.j.p.i.JtaPlatformInitiator       : HHH000490: Using JtaPlatform implementation: [org.hibernate.engine.transaction.jta.platform.internal.NoJtaPlatform]
2022-01-05 17:21:00.367  INFO 82379 --- [restartedMain] j.LocalContainerEntityManagerFactoryBean : Initialized JPA EntityManagerFactory for persistence unit 'default'
2022-01-05 17:21:00.434  WARN 82379 --- [restartedMain] JpaBaseConfiguration$JpaWebConfiguration : spring.jpa.open-in-view is enabled by default. Therefore, database queries may be performed during view rendering. Explicitly configure spring.jpa.open-in-view to disable this warning
2022-01-05 17:21:00.544  INFO 82379 --- [restartedMain] o.s.b.d.a.OptionalLiveReloadServer       : LiveReload server is running on port 35729
2022-01-05 17:21:00.552  INFO 82379 --- [restartedMain] o.s.b.w.embedded.tomcat.TomcatWebServer  : Tomcat started on port(s): 8080 (http) with context path ''
2022-01-05 17:21:00.559  INFO 82379 --- [restartedMain] com.example.demo.DemoApplication         : Started DemoApplication in 0.451 seconds (JVM running for 23212.548)
2022-01-05 17:21:00.562  INFO 82379 --- [restartedMain] .ConditionEvaluationDeltaLoggingListener : Condition evaluation unchanged
2022-01-05 17:21:00.562 ERROR 82379 --- [restartedMain] com.example.demo.DemoApplication         : log4j logging
2022-01-05 17:21:00.562 ERROR 82379 --- [restartedMain] com.example.demo.DemoApplication         : slf4j loggin
2022-01-05 17:21:04.962  INFO 82379 --- [Thread-227] j.LocalContainerEntityManagerFactoryBean : Closing JPA EntityManagerFactory for persistence unit 'default'
2022-01-05 17:21:04.963  INFO 82379 --- [Thread-227] com.zaxxer.hikari.HikariDataSource       : HikariPool-57 - Shutdown initiated...
2022-01-05 17:21:04.964  INFO 82379 --- [Thread-227] com.zaxxer.hikari.HikariDataSource       : HikariPool-57 - Shutdown completed.
2022-01-05 17:21:05.058  INFO 82379 --- [restartedMain] com.example.demo.DemoApplication         : Starting DemoApplication using Java 11.0.11 on terminal-HP-15-Notebook-PC with PID 82379 (/home/terminal/dev-room/projects/spring-boot/demo/spring-backend/target/classes started by terminal in /home/terminal/dev-room/projects/spring-boot/demo/spring-backend)
2022-01-05 17:21:05.058  INFO 82379 --- [restartedMain] com.example.demo.DemoApplication         : No active profile set, falling back to default profiles: default
2022-01-05 17:21:05.164  INFO 82379 --- [restartedMain] .s.d.r.c.RepositoryConfigurationDelegate : Bootstrapping Spring Data JPA repositories in DEFAULT mode.
2022-01-05 17:21:05.169  INFO 82379 --- [restartedMain] .s.d.r.c.RepositoryConfigurationDelegate : Finished Spring Data repository scanning in 3 ms. Found 1 JPA repository interfaces.
2022-01-05 17:21:05.233  INFO 82379 --- [restartedMain] o.s.b.w.embedded.tomcat.TomcatWebServer  : Tomcat initialized with port(s): 8080 (http)
2022-01-05 17:21:05.233  INFO 82379 --- [restartedMain] o.apache.catalina.core.StandardService   : Starting service [Tomcat]
2022-01-05 17:21:05.233  INFO 82379 --- [restartedMain] org.apache.catalina.core.StandardEngine  : Starting Servlet engine: [Apache Tomcat/9.0.55]
2022-01-05 17:21:05.239  INFO 82379 --- [restartedMain] o.a.c.c.C.[Tomcat].[localhost].[/]       : Initializing Spring embedded WebApplicationContext
2022-01-05 17:21:05.239  INFO 82379 --- [restartedMain] w.s.c.ServletWebServerApplicationContext : Root WebApplicationContext: initialization completed in 179 ms
2022-01-05 17:21:05.266  INFO 82379 --- [restartedMain] o.hibernate.jpa.internal.util.LogHelper  : HHH000204: Processing PersistenceUnitInfo [name: default]
2022-01-05 17:21:05.268  INFO 82379 --- [restartedMain] com.zaxxer.hikari.HikariDataSource       : HikariPool-58 - Starting...
2022-01-05 17:21:05.270  INFO 82379 --- [restartedMain] com.zaxxer.hikari.HikariDataSource       : HikariPool-58 - Start completed.
2022-01-05 17:21:05.270  INFO 82379 --- [restartedMain] org.hibernate.dialect.Dialect            : HHH000400: Using dialect: org.hibernate.dialect.MySQL5InnoDBDialect
2022-01-05 17:21:05.283  INFO 82379 --- [restartedMain] o.h.e.t.j.p.i.JtaPlatformInitiator       : HHH000490: Using JtaPlatform implementation: [org.hibernate.engine.transaction.jta.platform.internal.NoJtaPlatform]
2022-01-05 17:21:05.284  INFO 82379 --- [restartedMain] j.LocalContainerEntityManagerFactoryBean : Initialized JPA EntityManagerFactory for persistence unit 'default'
2022-01-05 17:21:05.330  WARN 82379 --- [restartedMain] JpaBaseConfiguration$JpaWebConfiguration : spring.jpa.open-in-view is enabled by default. Therefore, database queries may be performed during view rendering. Explicitly configure spring.jpa.open-in-view to disable this warning
2022-01-05 17:21:05.428  INFO 82379 --- [restartedMain] o.s.b.d.a.OptionalLiveReloadServer       : LiveReload server is running on port 35729
2022-01-05 17:21:05.433  INFO 82379 --- [restartedMain] o.s.b.w.embedded.tomcat.TomcatWebServer  : Tomcat started on port(s): 8080 (http) with context path ''
2022-01-05 17:21:05.436  INFO 82379 --- [restartedMain] com.example.demo.DemoApplication         : Started DemoApplication in 0.394 seconds (JVM running for 23217.426)
2022-01-05 17:21:05.437  INFO 82379 --- [restartedMain] .ConditionEvaluationDeltaLoggingListener : Condition evaluation unchanged
2022-01-05 17:21:05.437 ERROR 82379 --- [restartedMain] com.example.demo.DemoApplication         : log4j logging
2022-01-05 17:21:05.438 ERROR 82379 --- [restartedMain] com.example.demo.DemoApplication         : slf4j loggin
2022-01-05 17:21:56.746  INFO 82379 --- [http-nio-8080-exec-1] o.a.c.c.C.[Tomcat].[localhost].[/]       : Initializing Spring DispatcherServlet 'dispatcherServlet'
2022-01-05 17:21:56.746  INFO 82379 --- [http-nio-8080-exec-1] o.s.web.servlet.DispatcherServlet        : Initializing Servlet 'dispatcherServlet'
2022-01-05 17:21:56.747  INFO 82379 --- [http-nio-8080-exec-1] o.s.web.servlet.DispatcherServlet        : Completed initialization in 1 ms
2022-01-05 17:22:19.953  INFO 82379 --- [Thread-231] j.LocalContainerEntityManagerFactoryBean : Closing JPA EntityManagerFactory for persistence unit 'default'
2022-01-05 17:22:19.953  INFO 82379 --- [Thread-231] com.zaxxer.hikari.HikariDataSource       : HikariPool-58 - Shutdown initiated...
2022-01-05 17:22:19.955  INFO 82379 --- [Thread-231] com.zaxxer.hikari.HikariDataSource       : HikariPool-58 - Shutdown completed.
2022-01-05 17:22:20.036  INFO 82379 --- [restartedMain] com.example.demo.DemoApplication         : Starting DemoApplication using Java 11.0.11 on terminal-HP-15-Notebook-PC with PID 82379 (/home/terminal/dev-room/projects/spring-boot/demo/spring-backend/target/classes started by terminal in /home/terminal/dev-room/projects/spring-boot/demo/spring-backend)
2022-01-05 17:22:20.036  INFO 82379 --- [restartedMain] com.example.demo.DemoApplication         : No active profile set, falling back to default profiles: default
2022-01-05 17:22:20.146  INFO 82379 --- [restartedMain] .s.d.r.c.RepositoryConfigurationDelegate : Bootstrapping Spring Data JPA repositories in DEFAULT mode.
2022-01-05 17:22:20.153  INFO 82379 --- [restartedMain] .s.d.r.c.RepositoryConfigurationDelegate : Finished Spring Data repository scanning in 6 ms. Found 1 JPA repository interfaces.
2022-01-05 17:22:20.226  INFO 82379 --- [restartedMain] o.s.b.w.embedded.tomcat.TomcatWebServer  : Tomcat initialized with port(s): 8080 (http)
2022-01-05 17:22:20.226  INFO 82379 --- [restartedMain] o.apache.catalina.core.StandardService   : Starting service [Tomcat]
2022-01-05 17:22:20.226  INFO 82379 --- [restartedMain] org.apache.catalina.core.StandardEngine  : Starting Servlet engine: [Apache Tomcat/9.0.55]
2022-01-05 17:22:20.232  INFO 82379 --- [restartedMain] o.a.c.c.C.[Tomcat].[localhost].[/]       : Initializing Spring embedded WebApplicationContext
2022-01-05 17:22:20.232  INFO 82379 --- [restartedMain] w.s.c.ServletWebServerApplicationContext : Root WebApplicationContext: initialization completed in 194 ms
2022-01-05 17:22:20.260  INFO 82379 --- [restartedMain] o.hibernate.jpa.internal.util.LogHelper  : HHH000204: Processing PersistenceUnitInfo [name: default]
2022-01-05 17:22:20.263  INFO 82379 --- [restartedMain] com.zaxxer.hikari.HikariDataSource       : HikariPool-59 - Starting...
2022-01-05 17:22:20.265  INFO 82379 --- [restartedMain] com.zaxxer.hikari.HikariDataSource       : HikariPool-59 - Start completed.
2022-01-05 17:22:20.265  INFO 82379 --- [restartedMain] org.hibernate.dialect.Dialect            : HHH000400: Using dialect: org.hibernate.dialect.MySQL5InnoDBDialect
2022-01-05 17:22:20.279  INFO 82379 --- [restartedMain] o.h.e.t.j.p.i.JtaPlatformInitiator       : HHH000490: Using JtaPlatform implementation: [org.hibernate.engine.transaction.jta.platform.internal.NoJtaPlatform]
2022-01-05 17:22:20.279  INFO 82379 --- [restartedMain] j.LocalContainerEntityManagerFactoryBean : Initialized JPA EntityManagerFactory for persistence unit 'default'
2022-01-05 17:22:20.324  WARN 82379 --- [restartedMain] JpaBaseConfiguration$JpaWebConfiguration : spring.jpa.open-in-view is enabled by default. Therefore, database queries may be performed during view rendering. Explicitly configure spring.jpa.open-in-view to disable this warning
2022-01-05 17:22:20.388  INFO 82379 --- [restartedMain] o.s.b.d.a.OptionalLiveReloadServer       : LiveReload server is running on port 35729
2022-01-05 17:22:20.393  INFO 82379 --- [restartedMain] o.s.b.w.embedded.tomcat.TomcatWebServer  : Tomcat started on port(s): 8080 (http) with context path ''
2022-01-05 17:22:20.396  INFO 82379 --- [restartedMain] com.example.demo.DemoApplication         : Started DemoApplication in 0.376 seconds (JVM running for 23292.385)
2022-01-05 17:22:20.397  INFO 82379 --- [restartedMain] .ConditionEvaluationDeltaLoggingListener : Condition evaluation unchanged
2022-01-05 17:22:20.397 ERROR 82379 --- [restartedMain] com.example.demo.DemoApplication         : log4j logging
2022-01-05 17:22:20.397 ERROR 82379 --- [restartedMain] com.example.demo.DemoApplication         : slf4j loggin
2022-01-05 17:22:20.700  INFO 82379 --- [http-nio-8080-exec-1] o.a.c.c.C.[Tomcat].[localhost].[/]       : Initializing Spring DispatcherServlet 'dispatcherServlet'
2022-01-05 17:22:20.701  INFO 82379 --- [http-nio-8080-exec-1] o.s.web.servlet.DispatcherServlet        : Initializing Servlet 'dispatcherServlet'
2022-01-05 17:22:20.703  INFO 82379 --- [http-nio-8080-exec-1] o.s.web.servlet.DispatcherServlet        : Completed initialization in 2 ms
2022-01-05 17:26:41.171  INFO 82379 --- [Thread-235] j.LocalContainerEntityManagerFactoryBean : Closing JPA EntityManagerFactory for persistence unit 'default'
2022-01-05 17:26:41.171  INFO 82379 --- [Thread-235] com.zaxxer.hikari.HikariDataSource       : HikariPool-59 - Shutdown initiated...
2022-01-05 17:26:41.174  INFO 82379 --- [Thread-235] com.zaxxer.hikari.HikariDataSource       : HikariPool-59 - Shutdown completed.
2022-01-05 17:26:41.315  INFO 82379 --- [restartedMain] com.example.demo.DemoApplication         : Starting DemoApplication using Java 11.0.11 on terminal-HP-15-Notebook-PC with PID 82379 (/home/terminal/dev-room/projects/spring-boot/demo/spring-backend/target/classes started by terminal in /home/terminal/dev-room/projects/spring-boot/demo/spring-backend)
2022-01-05 17:26:41.315  INFO 82379 --- [restartedMain] com.example.demo.DemoApplication         : No active profile set, falling back to default profiles: default
2022-01-05 17:26:41.425  INFO 82379 --- [restartedMain] .s.d.r.c.RepositoryConfigurationDelegate : Bootstrapping Spring Data JPA repositories in DEFAULT mode.
2022-01-05 17:26:41.430  INFO 82379 --- [restartedMain] .s.d.r.c.RepositoryConfigurationDelegate : Finished Spring Data repository scanning in 4 ms. Found 1 JPA repository interfaces.
2022-01-05 17:26:41.494  INFO 82379 --- [restartedMain] o.s.b.w.embedded.tomcat.TomcatWebServer  : Tomcat initialized with port(s): 8080 (http)
2022-01-05 17:26:41.495  INFO 82379 --- [restartedMain] o.apache.catalina.core.StandardService   : Starting service [Tomcat]
2022-01-05 17:26:41.495  INFO 82379 --- [restartedMain] org.apache.catalina.core.StandardEngine  : Starting Servlet engine: [Apache Tomcat/9.0.55]
2022-01-05 17:26:41.499  INFO 82379 --- [restartedMain] o.a.c.c.C.[Tomcat].[localhost].[/]       : Initializing Spring embedded WebApplicationContext
2022-01-05 17:26:41.499  INFO 82379 --- [restartedMain] w.s.c.ServletWebServerApplicationContext : Root WebApplicationContext: initialization completed in 183 ms
2022-01-05 17:26:41.534  INFO 82379 --- [restartedMain] o.hibernate.jpa.internal.util.LogHelper  : HHH000204: Processing PersistenceUnitInfo [name: default]
2022-01-05 17:26:41.537  INFO 82379 --- [restartedMain] com.zaxxer.hikari.HikariDataSource       : HikariPool-60 - Starting...
2022-01-05 17:26:41.539  INFO 82379 --- [restartedMain] com.zaxxer.hikari.HikariDataSource       : HikariPool-60 - Start completed.
2022-01-05 17:26:41.539  INFO 82379 --- [restartedMain] org.hibernate.dialect.Dialect            : HHH000400: Using dialect: org.hibernate.dialect.MySQL5InnoDBDialect
2022-01-05 17:26:41.554  INFO 82379 --- [restartedMain] o.h.e.t.j.p.i.JtaPlatformInitiator       : HHH000490: Using JtaPlatform implementation: [org.hibernate.engine.transaction.jta.platform.internal.NoJtaPlatform]
2022-01-05 17:26:41.554  INFO 82379 --- [restartedMain] j.LocalContainerEntityManagerFactoryBean : Initialized JPA EntityManagerFactory for persistence unit 'default'
2022-01-05 17:26:41.614  WARN 82379 --- [restartedMain] JpaBaseConfiguration$JpaWebConfiguration : spring.jpa.open-in-view is enabled by default. Therefore, database queries may be performed during view rendering. Explicitly configure spring.jpa.open-in-view to disable this warning
2022-01-05 17:26:41.692  INFO 82379 --- [restartedMain] o.s.b.d.a.OptionalLiveReloadServer       : LiveReload server is running on port 35729
2022-01-05 17:26:41.697  INFO 82379 --- [restartedMain] o.s.b.w.embedded.tomcat.TomcatWebServer  : Tomcat started on port(s): 8080 (http) with context path ''
2022-01-05 17:26:41.700  INFO 82379 --- [restartedMain] com.example.demo.DemoApplication         : Started DemoApplication in 0.411 seconds (JVM running for 23553.69)
2022-01-05 17:26:41.702  INFO 82379 --- [restartedMain] .ConditionEvaluationDeltaLoggingListener : Condition evaluation unchanged
2022-01-05 17:26:41.702 ERROR 82379 --- [restartedMain] com.example.demo.DemoApplication         : log4j logging
2022-01-05 17:26:41.702 ERROR 82379 --- [restartedMain] com.example.demo.DemoApplication         : slf4j loggin
2022-01-05 17:26:43.415  INFO 82379 --- [http-nio-8080-exec-1] o.a.c.c.C.[Tomcat].[localhost].[/]       : Initializing Spring DispatcherServlet 'dispatcherServlet'
2022-01-05 17:26:43.415  INFO 82379 --- [http-nio-8080-exec-1] o.s.web.servlet.DispatcherServlet        : Initializing Servlet 'dispatcherServlet'
2022-01-05 17:26:43.417  INFO 82379 --- [http-nio-8080-exec-1] o.s.web.servlet.DispatcherServlet        : Completed initialization in 2 ms
2022-01-05 17:44:46.358  INFO 82379 --- [Thread-239] j.LocalContainerEntityManagerFactoryBean : Closing JPA EntityManagerFactory for persistence unit 'default'
2022-01-05 17:44:46.358  INFO 82379 --- [Thread-239] com.zaxxer.hikari.HikariDataSource       : HikariPool-60 - Shutdown initiated...
2022-01-05 17:44:46.359  INFO 82379 --- [Thread-239] com.zaxxer.hikari.HikariDataSource       : HikariPool-60 - Shutdown completed.
2022-01-05 17:44:46.441  INFO 82379 --- [restartedMain] com.example.demo.DemoApplication         : Starting DemoApplication using Java 11.0.11 on terminal-HP-15-Notebook-PC with PID 82379 (/home/terminal/dev-room/projects/spring-boot/demo/spring-backend/target/classes started by terminal in /home/terminal/dev-room/projects/spring-boot/demo/spring-backend)
2022-01-05 17:44:46.441  INFO 82379 --- [restartedMain] com.example.demo.DemoApplication         : No active profile set, falling back to default profiles: default
2022-01-05 17:44:46.551  INFO 82379 --- [restartedMain] .s.d.r.c.RepositoryConfigurationDelegate : Bootstrapping Spring Data JPA repositories in DEFAULT mode.
2022-01-05 17:44:46.556  INFO 82379 --- [restartedMain] .s.d.r.c.RepositoryConfigurationDelegate : Finished Spring Data repository scanning in 4 ms. Found 1 JPA repository interfaces.
2022-01-05 17:44:46.619  INFO 82379 --- [restartedMain] o.s.b.w.embedded.tomcat.TomcatWebServer  : Tomcat initialized with port(s): 8080 (http)
2022-01-05 17:44:46.620  INFO 82379 --- [restartedMain] o.apache.catalina.core.StandardService   : Starting service [Tomcat]
2022-01-05 17:44:46.620  INFO 82379 --- [restartedMain] org.apache.catalina.core.StandardEngine  : Starting Servlet engine: [Apache Tomcat/9.0.55]
2022-01-05 17:44:46.625  INFO 82379 --- [restartedMain] o.a.c.c.C.[Tomcat].[localhost].[/]       : Initializing Spring embedded WebApplicationContext
2022-01-05 17:44:46.625  INFO 82379 --- [restartedMain] w.s.c.ServletWebServerApplicationContext : Root WebApplicationContext: initialization completed in 183 ms
2022-01-05 17:44:46.654  INFO 82379 --- [restartedMain] o.hibernate.jpa.internal.util.LogHelper  : HHH000204: Processing PersistenceUnitInfo [name: default]
2022-01-05 17:44:46.657  INFO 82379 --- [restartedMain] com.zaxxer.hikari.HikariDataSource       : HikariPool-61 - Starting...
2022-01-05 17:44:46.658  INFO 82379 --- [restartedMain] com.zaxxer.hikari.HikariDataSource       : HikariPool-61 - Start completed.
2022-01-05 17:44:46.659  INFO 82379 --- [restartedMain] org.hibernate.dialect.Dialect            : HHH000400: Using dialect: org.hibernate.dialect.MySQL5InnoDBDialect
2022-01-05 17:44:46.673  INFO 82379 --- [restartedMain] o.h.e.t.j.p.i.JtaPlatformInitiator       : HHH000490: Using JtaPlatform implementation: [org.hibernate.engine.transaction.jta.platform.internal.NoJtaPlatform]
2022-01-05 17:44:46.673  INFO 82379 --- [restartedMain] j.LocalContainerEntityManagerFactoryBean : Initialized JPA EntityManagerFactory for persistence unit 'default'
2022-01-05 17:44:46.718  WARN 82379 --- [restartedMain] JpaBaseConfiguration$JpaWebConfiguration : spring.jpa.open-in-view is enabled by default. Therefore, database queries may be performed during view rendering. Explicitly configure spring.jpa.open-in-view to disable this warning
2022-01-05 17:44:46.790  INFO 82379 --- [restartedMain] o.s.b.d.a.OptionalLiveReloadServer       : LiveReload server is running on port 35729
2022-01-05 17:44:46.795  INFO 82379 --- [restartedMain] o.s.b.w.embedded.tomcat.TomcatWebServer  : Tomcat started on port(s): 8080 (http) with context path ''
2022-01-05 17:44:46.798  INFO 82379 --- [restartedMain] com.example.demo.DemoApplication         : Started DemoApplication in 0.372 seconds (JVM running for 24638.787)
2022-01-05 17:44:46.799  INFO 82379 --- [restartedMain] .ConditionEvaluationDeltaLoggingListener : Condition evaluation unchanged
2022-01-05 17:44:46.799 ERROR 82379 --- [restartedMain] com.example.demo.DemoApplication         : log4j logging
2022-01-05 17:44:46.799 ERROR 82379 --- [restartedMain] com.example.demo.DemoApplication         : slf4j loggin
2022-01-05 17:45:08.234  INFO 82379 --- [Thread-243] j.LocalContainerEntityManagerFactoryBean : Closing JPA EntityManagerFactory for persistence unit 'default'
2022-01-05 17:45:08.235  INFO 82379 --- [Thread-243] com.zaxxer.hikari.HikariDataSource       : HikariPool-61 - Shutdown initiated...
2022-01-05 17:45:08.236  INFO 82379 --- [Thread-243] com.zaxxer.hikari.HikariDataSource       : HikariPool-61 - Shutdown completed.
2022-01-05 17:45:08.317  INFO 82379 --- [restartedMain] com.example.demo.DemoApplication         : Starting DemoApplication using Java 11.0.11 on terminal-HP-15-Notebook-PC with PID 82379 (/home/terminal/dev-room/projects/spring-boot/demo/spring-backend/target/classes started by terminal in /home/terminal/dev-room/projects/spring-boot/demo/spring-backend)
2022-01-05 17:45:08.317  INFO 82379 --- [restartedMain] com.example.demo.DemoApplication         : No active profile set, falling back to default profiles: default
2022-01-05 17:45:08.451  INFO 82379 --- [restartedMain] .s.d.r.c.RepositoryConfigurationDelegate : Bootstrapping Spring Data JPA repositories in DEFAULT mode.
2022-01-05 17:45:08.456  INFO 82379 --- [restartedMain] .s.d.r.c.RepositoryConfigurationDelegate : Finished Spring Data repository scanning in 4 ms. Found 1 JPA repository interfaces.
2022-01-05 17:45:08.534  INFO 82379 --- [restartedMain] o.s.b.w.embedded.tomcat.TomcatWebServer  : Tomcat initialized with port(s): 8080 (http)
2022-01-05 17:45:08.535  INFO 82379 --- [restartedMain] o.apache.catalina.core.StandardService   : Starting service [Tomcat]
2022-01-05 17:45:08.535  INFO 82379 --- [restartedMain] org.apache.catalina.core.StandardEngine  : Starting Servlet engine: [Apache Tomcat/9.0.55]
2022-01-05 17:45:08.539  INFO 82379 --- [restartedMain] o.a.c.c.C.[Tomcat].[localhost].[/]       : Initializing Spring embedded WebApplicationContext
2022-01-05 17:45:08.540  INFO 82379 --- [restartedMain] w.s.c.ServletWebServerApplicationContext : Root WebApplicationContext: initialization completed in 222 ms
2022-01-05 17:45:08.568  INFO 82379 --- [restartedMain] o.hibernate.jpa.internal.util.LogHelper  : HHH000204: Processing PersistenceUnitInfo [name: default]
2022-01-05 17:45:08.571  INFO 82379 --- [restartedMain] com.zaxxer.hikari.HikariDataSource       : HikariPool-62 - Starting...
2022-01-05 17:45:08.573  INFO 82379 --- [restartedMain] com.zaxxer.hikari.HikariDataSource       : HikariPool-62 - Start completed.
2022-01-05 17:45:08.573  INFO 82379 --- [restartedMain] org.hibernate.dialect.Dialect            : HHH000400: Using dialect: org.hibernate.dialect.MySQL5InnoDBDialect
2022-01-05 17:45:08.598  INFO 82379 --- [restartedMain] o.h.e.t.j.p.i.JtaPlatformInitiator       : HHH000490: Using JtaPlatform implementation: [org.hibernate.engine.transaction.jta.platform.internal.NoJtaPlatform]
2022-01-05 17:45:08.598  INFO 82379 --- [restartedMain] j.LocalContainerEntityManagerFactoryBean : Initialized JPA EntityManagerFactory for persistence unit 'default'
2022-01-05 17:45:08.650  WARN 82379 --- [restartedMain] JpaBaseConfiguration$JpaWebConfiguration : spring.jpa.open-in-view is enabled by default. Therefore, database queries may be performed during view rendering. Explicitly configure spring.jpa.open-in-view to disable this warning
2022-01-05 17:45:08.707  INFO 82379 --- [restartedMain] o.s.b.d.a.OptionalLiveReloadServer       : LiveReload server is running on port 35729
2022-01-05 17:45:08.712  INFO 82379 --- [restartedMain] o.s.b.w.embedded.tomcat.TomcatWebServer  : Tomcat started on port(s): 8080 (http) with context path ''
2022-01-05 17:45:08.717  INFO 82379 --- [restartedMain] com.example.demo.DemoApplication         : Started DemoApplication in 0.414 seconds (JVM running for 24660.706)
2022-01-05 17:45:08.718  INFO 82379 --- [restartedMain] .ConditionEvaluationDeltaLoggingListener : Condition evaluation unchanged
2022-01-05 17:45:08.718 ERROR 82379 --- [restartedMain] com.example.demo.DemoApplication         : log4j logging
2022-01-05 17:45:08.718 ERROR 82379 --- [restartedMain] com.example.demo.DemoApplication         : slf4j loggin
2022-01-05 17:46:11.206  INFO 82379 --- [Thread-247] j.LocalContainerEntityManagerFactoryBean : Closing JPA EntityManagerFactory for persistence unit 'default'
2022-01-05 17:46:11.208  INFO 82379 --- [Thread-247] com.zaxxer.hikari.HikariDataSource       : HikariPool-62 - Shutdown initiated...
2022-01-05 17:46:11.209  INFO 82379 --- [Thread-247] com.zaxxer.hikari.HikariDataSource       : HikariPool-62 - Shutdown completed.
2022-01-05 17:46:11.304  INFO 82379 --- [restartedMain] com.example.demo.DemoApplication         : Starting DemoApplication using Java 11.0.11 on terminal-HP-15-Notebook-PC with PID 82379 (/home/terminal/dev-room/projects/spring-boot/demo/spring-backend/target/classes started by terminal in /home/terminal/dev-room/projects/spring-boot/demo/spring-backend)
2022-01-05 17:46:11.305  INFO 82379 --- [restartedMain] com.example.demo.DemoApplication         : No active profile set, falling back to default profiles: default
2022-01-05 17:46:11.420  INFO 82379 --- [restartedMain] .s.d.r.c.RepositoryConfigurationDelegate : Bootstrapping Spring Data JPA repositories in DEFAULT mode.
2022-01-05 17:46:11.427  INFO 82379 --- [restartedMain] .s.d.r.c.RepositoryConfigurationDelegate : Finished Spring Data repository scanning in 6 ms. Found 1 JPA repository interfaces.
2022-01-05 17:46:11.493  INFO 82379 --- [restartedMain] o.s.b.w.embedded.tomcat.TomcatWebServer  : Tomcat initialized with port(s): 8080 (http)
2022-01-05 17:46:11.493  INFO 82379 --- [restartedMain] o.apache.catalina.core.StandardService   : Starting service [Tomcat]
2022-01-05 17:46:11.494  INFO 82379 --- [restartedMain] org.apache.catalina.core.StandardEngine  : Starting Servlet engine: [Apache Tomcat/9.0.55]
2022-01-05 17:46:11.500  INFO 82379 --- [restartedMain] o.a.c.c.C.[Tomcat].[localhost].[/]       : Initializing Spring embedded WebApplicationContext
2022-01-05 17:46:11.500  INFO 82379 --- [restartedMain] w.s.c.ServletWebServerApplicationContext : Root WebApplicationContext: initialization completed in 194 ms
2022-01-05 17:46:11.529  INFO 82379 --- [restartedMain] o.hibernate.jpa.internal.util.LogHelper  : HHH000204: Processing PersistenceUnitInfo [name: default]
2022-01-05 17:46:11.532  INFO 82379 --- [restartedMain] com.zaxxer.hikari.HikariDataSource       : HikariPool-63 - Starting...
2022-01-05 17:46:11.534  INFO 82379 --- [restartedMain] com.zaxxer.hikari.HikariDataSource       : HikariPool-63 - Start completed.
2022-01-05 17:46:11.534  INFO 82379 --- [restartedMain] org.hibernate.dialect.Dialect            : HHH000400: Using dialect: org.hibernate.dialect.MySQL5InnoDBDialect
2022-01-05 17:46:11.548  INFO 82379 --- [restartedMain] o.h.e.t.j.p.i.JtaPlatformInitiator       : HHH000490: Using JtaPlatform implementation: [org.hibernate.engine.transaction.jta.platform.internal.NoJtaPlatform]
2022-01-05 17:46:11.548  INFO 82379 --- [restartedMain] j.LocalContainerEntityManagerFactoryBean : Initialized JPA EntityManagerFactory for persistence unit 'default'
2022-01-05 17:46:11.609  WARN 82379 --- [restartedMain] JpaBaseConfiguration$JpaWebConfiguration : spring.jpa.open-in-view is enabled by default. Therefore, database queries may be performed during view rendering. Explicitly configure spring.jpa.open-in-view to disable this warning
2022-01-05 17:46:11.690  INFO 82379 --- [restartedMain] o.s.b.d.a.OptionalLiveReloadServer       : LiveReload server is running on port 35729
2022-01-05 17:46:11.696  INFO 82379 --- [restartedMain] o.s.b.w.embedded.tomcat.TomcatWebServer  : Tomcat started on port(s): 8080 (http) with context path ''
2022-01-05 17:46:11.699  INFO 82379 --- [restartedMain] com.example.demo.DemoApplication         : Started DemoApplication in 0.414 seconds (JVM running for 24723.689)
2022-01-05 17:46:11.700  INFO 82379 --- [restartedMain] .ConditionEvaluationDeltaLoggingListener : Condition evaluation unchanged
2022-01-05 17:46:11.700 ERROR 82379 --- [restartedMain] com.example.demo.DemoApplication         : log4j logging
2022-01-05 17:46:11.701 ERROR 82379 --- [restartedMain] com.example.demo.DemoApplication         : slf4j loggin
2022-01-05 17:47:30.208  INFO 82379 --- [Thread-251] j.LocalContainerEntityManagerFactoryBean : Closing JPA EntityManagerFactory for persistence unit 'default'
2022-01-05 17:47:30.209  INFO 82379 --- [Thread-251] com.zaxxer.hikari.HikariDataSource       : HikariPool-63 - Shutdown initiated...
2022-01-05 17:47:30.212  INFO 82379 --- [Thread-251] com.zaxxer.hikari.HikariDataSource       : HikariPool-63 - Shutdown completed.
2022-01-05 17:47:30.317  INFO 82379 --- [restartedMain] com.example.demo.DemoApplication         : Starting DemoApplication using Java 11.0.11 on terminal-HP-15-Notebook-PC with PID 82379 (/home/terminal/dev-room/projects/spring-boot/demo/spring-backend/target/classes started by terminal in /home/terminal/dev-room/projects/spring-boot/demo/spring-backend)
2022-01-05 17:47:30.317  INFO 82379 --- [restartedMain] com.example.demo.DemoApplication         : No active profile set, falling back to default profiles: default
2022-01-05 17:47:30.440  INFO 82379 --- [restartedMain] .s.d.r.c.RepositoryConfigurationDelegate : Bootstrapping Spring Data JPA repositories in DEFAULT mode.
2022-01-05 17:47:30.446  INFO 82379 --- [restartedMain] .s.d.r.c.RepositoryConfigurationDelegate : Finished Spring Data repository scanning in 5 ms. Found 1 JPA repository interfaces.
2022-01-05 17:47:30.530  INFO 82379 --- [restartedMain] o.s.b.w.embedded.tomcat.TomcatWebServer  : Tomcat initialized with port(s): 8080 (http)
2022-01-05 17:47:30.531  INFO 82379 --- [restartedMain] o.apache.catalina.core.StandardService   : Starting service [Tomcat]
2022-01-05 17:47:30.531  INFO 82379 --- [restartedMain] org.apache.catalina.core.StandardEngine  : Starting Servlet engine: [Apache Tomcat/9.0.55]
2022-01-05 17:47:30.537  INFO 82379 --- [restartedMain] o.a.c.c.C.[Tomcat].[localhost].[/]       : Initializing Spring embedded WebApplicationContext
2022-01-05 17:47:30.537  INFO 82379 --- [restartedMain] w.s.c.ServletWebServerApplicationContext : Root WebApplicationContext: initialization completed in 218 ms
2022-01-05 17:47:30.571  INFO 82379 --- [restartedMain] o.hibernate.jpa.internal.util.LogHelper  : HHH000204: Processing PersistenceUnitInfo [name: default]
2022-01-05 17:47:30.575  INFO 82379 --- [restartedMain] com.zaxxer.hikari.HikariDataSource       : HikariPool-64 - Starting...
2022-01-05 17:47:30.578  INFO 82379 --- [restartedMain] com.zaxxer.hikari.HikariDataSource       : HikariPool-64 - Start completed.
2022-01-05 17:47:30.578  INFO 82379 --- [restartedMain] org.hibernate.dialect.Dialect            : HHH000400: Using dialect: org.hibernate.dialect.MySQL5InnoDBDialect
2022-01-05 17:47:30.599  INFO 82379 --- [restartedMain] o.h.e.t.j.p.i.JtaPlatformInitiator       : HHH000490: Using JtaPlatform implementation: [org.hibernate.engine.transaction.jta.platform.internal.NoJtaPlatform]
2022-01-05 17:47:30.599  INFO 82379 --- [restartedMain] j.LocalContainerEntityManagerFactoryBean : Initialized JPA EntityManagerFactory for persistence unit 'default'
2022-01-05 17:47:30.654  WARN 82379 --- [restartedMain] JpaBaseConfiguration$JpaWebConfiguration : spring.jpa.open-in-view is enabled by default. Therefore, database queries may be performed during view rendering. Explicitly configure spring.jpa.open-in-view to disable this warning
2022-01-05 17:47:30.732  INFO 82379 --- [restartedMain] o.s.b.d.a.OptionalLiveReloadServer       : LiveReload server is running on port 35729
2022-01-05 17:47:30.737  INFO 82379 --- [restartedMain] o.s.b.w.embedded.tomcat.TomcatWebServer  : Tomcat started on port(s): 8080 (http) with context path ''
2022-01-05 17:47:30.740  INFO 82379 --- [restartedMain] com.example.demo.DemoApplication         : Started DemoApplication in 0.442 seconds (JVM running for 24802.73)
2022-01-05 17:47:30.742  INFO 82379 --- [restartedMain] .ConditionEvaluationDeltaLoggingListener : Condition evaluation unchanged
2022-01-05 17:47:30.742 ERROR 82379 --- [restartedMain] com.example.demo.DemoApplication         : log4j logging
2022-01-05 17:47:30.742 ERROR 82379 --- [restartedMain] com.example.demo.DemoApplication         : slf4j loggin
2022-01-05 17:47:52.188  INFO 82379 --- [Thread-255] j.LocalContainerEntityManagerFactoryBean : Closing JPA EntityManagerFactory for persistence unit 'default'
2022-01-05 17:47:52.190  INFO 82379 --- [Thread-255] com.zaxxer.hikari.HikariDataSource       : HikariPool-64 - Shutdown initiated...
2022-01-05 17:47:52.192  INFO 82379 --- [Thread-255] com.zaxxer.hikari.HikariDataSource       : HikariPool-64 - Shutdown completed.
2022-01-05 17:47:52.353  INFO 82379 --- [restartedMain] com.example.demo.DemoApplication         : Starting DemoApplication using Java 11.0.11 on terminal-HP-15-Notebook-PC with PID 82379 (/home/terminal/dev-room/projects/spring-boot/demo/spring-backend/target/classes started by terminal in /home/terminal/dev-room/projects/spring-boot/demo/spring-backend)
2022-01-05 17:47:52.353  INFO 82379 --- [restartedMain] com.example.demo.DemoApplication         : No active profile set, falling back to default profiles: default
2022-01-05 17:47:52.584  INFO 82379 --- [restartedMain] .s.d.r.c.RepositoryConfigurationDelegate : Bootstrapping Spring Data JPA repositories in DEFAULT mode.
2022-01-05 17:47:52.597  INFO 82379 --- [restartedMain] .s.d.r.c.RepositoryConfigurationDelegate : Finished Spring Data repository scanning in 12 ms. Found 1 JPA repository interfaces.
2022-01-05 17:47:52.691  INFO 82379 --- [restartedMain] o.s.b.w.embedded.tomcat.TomcatWebServer  : Tomcat initialized with port(s): 8080 (http)
2022-01-05 17:47:52.691  INFO 82379 --- [restartedMain] o.apache.catalina.core.StandardService   : Starting service [Tomcat]
2022-01-05 17:47:52.691  INFO 82379 --- [restartedMain] org.apache.catalina.core.StandardEngine  : Starting Servlet engine: [Apache Tomcat/9.0.55]
2022-01-05 17:47:52.698  INFO 82379 --- [restartedMain] o.a.c.c.C.[Tomcat].[localhost].[/]       : Initializing Spring embedded WebApplicationContext
2022-01-05 17:47:52.698  INFO 82379 --- [restartedMain] w.s.c.ServletWebServerApplicationContext : Root WebApplicationContext: initialization completed in 342 ms
2022-01-05 17:47:52.727  INFO 82379 --- [restartedMain] o.hibernate.jpa.internal.util.LogHelper  : HHH000204: Processing PersistenceUnitInfo [name: default]
2022-01-05 17:47:52.731  INFO 82379 --- [restartedMain] com.zaxxer.hikari.HikariDataSource       : HikariPool-65 - Starting...
2022-01-05 17:47:52.733  INFO 82379 --- [restartedMain] com.zaxxer.hikari.HikariDataSource       : HikariPool-65 - Start completed.
2022-01-05 17:47:52.733  INFO 82379 --- [restartedMain] org.hibernate.dialect.Dialect            : HHH000400: Using dialect: org.hibernate.dialect.MySQL5InnoDBDialect
2022-01-05 17:47:52.750  INFO 82379 --- [restartedMain] o.h.e.t.j.p.i.JtaPlatformInitiator       : HHH000490: Using JtaPlatform implementation: [org.hibernate.engine.transaction.jta.platform.internal.NoJtaPlatform]
2022-01-05 17:47:52.750  INFO 82379 --- [restartedMain] j.LocalContainerEntityManagerFactoryBean : Initialized JPA EntityManagerFactory for persistence unit 'default'
2022-01-05 17:47:52.794  WARN 82379 --- [restartedMain] JpaBaseConfiguration$JpaWebConfiguration : spring.jpa.open-in-view is enabled by default. Therefore, database queries may be performed during view rendering. Explicitly configure spring.jpa.open-in-view to disable this warning
2022-01-05 17:47:52.858  INFO 82379 --- [restartedMain] o.s.b.d.a.OptionalLiveReloadServer       : LiveReload server is running on port 35729
2022-01-05 17:47:52.863  INFO 82379 --- [restartedMain] o.s.b.w.embedded.tomcat.TomcatWebServer  : Tomcat started on port(s): 8080 (http) with context path ''
2022-01-05 17:47:52.866  INFO 82379 --- [restartedMain] com.example.demo.DemoApplication         : Started DemoApplication in 0.547 seconds (JVM running for 24824.856)
2022-01-05 17:47:52.867  INFO 82379 --- [restartedMain] .ConditionEvaluationDeltaLoggingListener : Condition evaluation unchanged
2022-01-05 17:47:52.867 ERROR 82379 --- [restartedMain] com.example.demo.DemoApplication         : log4j logging
2022-01-05 17:47:52.867 ERROR 82379 --- [restartedMain] com.example.demo.DemoApplication         : slf4j loggin
2022-01-05 17:48:29.317  INFO 82379 --- [Thread-259] j.LocalContainerEntityManagerFactoryBean : Closing JPA EntityManagerFactory for persistence unit 'default'
2022-01-05 17:48:29.318  INFO 82379 --- [Thread-259] com.zaxxer.hikari.HikariDataSource       : HikariPool-65 - Shutdown initiated...
2022-01-05 17:48:29.319  INFO 82379 --- [Thread-259] com.zaxxer.hikari.HikariDataSource       : HikariPool-65 - Shutdown completed.
2022-01-05 17:48:29.408  INFO 82379 --- [restartedMain] com.example.demo.DemoApplication         : Starting DemoApplication using Java 11.0.11 on terminal-HP-15-Notebook-PC with PID 82379 (/home/terminal/dev-room/projects/spring-boot/demo/spring-backend/target/classes started by terminal in /home/terminal/dev-room/projects/spring-boot/demo/spring-backend)
2022-01-05 17:48:29.408  INFO 82379 --- [restartedMain] com.example.demo.DemoApplication         : No active profile set, falling back to default profiles: default
2022-01-05 17:48:29.515  INFO 82379 --- [restartedMain] .s.d.r.c.RepositoryConfigurationDelegate : Bootstrapping Spring Data JPA repositories in DEFAULT mode.
2022-01-05 17:48:29.519  INFO 82379 --- [restartedMain] .s.d.r.c.RepositoryConfigurationDelegate : Finished Spring Data repository scanning in 3 ms. Found 1 JPA repository interfaces.
2022-01-05 17:48:29.581  INFO 82379 --- [restartedMain] o.s.b.w.embedded.tomcat.TomcatWebServer  : Tomcat initialized with port(s): 8080 (http)
2022-01-05 17:48:29.582  INFO 82379 --- [restartedMain] o.apache.catalina.core.StandardService   : Starting service [Tomcat]
2022-01-05 17:48:29.582  INFO 82379 --- [restartedMain] org.apache.catalina.core.StandardEngine  : Starting Servlet engine: [Apache Tomcat/9.0.55]
2022-01-05 17:48:29.587  INFO 82379 --- [restartedMain] o.a.c.c.C.[Tomcat].[localhost].[/]       : Initializing Spring embedded WebApplicationContext
2022-01-05 17:48:29.587  INFO 82379 --- [restartedMain] w.s.c.ServletWebServerApplicationContext : Root WebApplicationContext: initialization completed in 178 ms
2022-01-05 17:48:29.617  INFO 82379 --- [restartedMain] o.hibernate.jpa.internal.util.LogHelper  : HHH000204: Processing PersistenceUnitInfo [name: default]
2022-01-05 17:48:29.620  INFO 82379 --- [restartedMain] com.zaxxer.hikari.HikariDataSource       : HikariPool-66 - Starting...
2022-01-05 17:48:29.623  INFO 82379 --- [restartedMain] com.zaxxer.hikari.HikariDataSource       : HikariPool-66 - Start completed.
2022-01-05 17:48:29.623  INFO 82379 --- [restartedMain] org.hibernate.dialect.Dialect            : HHH000400: Using dialect: org.hibernate.dialect.MySQL5InnoDBDialect
2022-01-05 17:48:29.638  INFO 82379 --- [restartedMain] o.h.e.t.j.p.i.JtaPlatformInitiator       : HHH000490: Using JtaPlatform implementation: [org.hibernate.engine.transaction.jta.platform.internal.NoJtaPlatform]
2022-01-05 17:48:29.638  INFO 82379 --- [restartedMain] j.LocalContainerEntityManagerFactoryBean : Initialized JPA EntityManagerFactory for persistence unit 'default'
2022-01-05 17:48:29.691  WARN 82379 --- [restartedMain] JpaBaseConfiguration$JpaWebConfiguration : spring.jpa.open-in-view is enabled by default. Therefore, database queries may be performed during view rendering. Explicitly configure spring.jpa.open-in-view to disable this warning
2022-01-05 17:48:29.751  INFO 82379 --- [restartedMain] o.s.b.d.a.OptionalLiveReloadServer       : LiveReload server is running on port 35729
2022-01-05 17:48:29.756  INFO 82379 --- [restartedMain] o.s.b.w.embedded.tomcat.TomcatWebServer  : Tomcat started on port(s): 8080 (http) with context path ''
2022-01-05 17:48:29.759  INFO 82379 --- [restartedMain] com.example.demo.DemoApplication         : Started DemoApplication in 0.365 seconds (JVM running for 24861.748)
2022-01-05 17:48:29.760  INFO 82379 --- [restartedMain] .ConditionEvaluationDeltaLoggingListener : Condition evaluation unchanged
2022-01-05 17:48:29.760 ERROR 82379 --- [restartedMain] com.example.demo.DemoApplication         : log4j logging
2022-01-05 17:48:29.760 ERROR 82379 --- [restartedMain] com.example.demo.DemoApplication         : slf4j loggin
2022-01-05 17:48:32.164  INFO 82379 --- [Thread-263] j.LocalContainerEntityManagerFactoryBean : Closing JPA EntityManagerFactory for persistence unit 'default'
2022-01-05 17:48:32.165  INFO 82379 --- [Thread-263] com.zaxxer.hikari.HikariDataSource       : HikariPool-66 - Shutdown initiated...
2022-01-05 17:48:32.166  INFO 82379 --- [Thread-263] com.zaxxer.hikari.HikariDataSource       : HikariPool-66 - Shutdown completed.
2022-01-05 17:48:32.260  INFO 82379 --- [restartedMain] com.example.demo.DemoApplication         : Starting DemoApplication using Java 11.0.11 on terminal-HP-15-Notebook-PC with PID 82379 (/home/terminal/dev-room/projects/spring-boot/demo/spring-backend/target/classes started by terminal in /home/terminal/dev-room/projects/spring-boot/demo/spring-backend)
2022-01-05 17:48:32.260  INFO 82379 --- [restartedMain] com.example.demo.DemoApplication         : No active profile set, falling back to default profiles: default
2022-01-05 17:48:32.369  INFO 82379 --- [restartedMain] .s.d.r.c.RepositoryConfigurationDelegate : Bootstrapping Spring Data JPA repositories in DEFAULT mode.
2022-01-05 17:48:32.373  INFO 82379 --- [restartedMain] .s.d.r.c.RepositoryConfigurationDelegate : Finished Spring Data repository scanning in 3 ms. Found 1 JPA repository interfaces.
2022-01-05 17:48:32.436  INFO 82379 --- [restartedMain] o.s.b.w.embedded.tomcat.TomcatWebServer  : Tomcat initialized with port(s): 8080 (http)
2022-01-05 17:48:32.437  INFO 82379 --- [restartedMain] o.apache.catalina.core.StandardService   : Starting service [Tomcat]
2022-01-05 17:48:32.437  INFO 82379 --- [restartedMain] org.apache.catalina.core.StandardEngine  : Starting Servlet engine: [Apache Tomcat/9.0.55]
2022-01-05 17:48:32.442  INFO 82379 --- [restartedMain] o.a.c.c.C.[Tomcat].[localhost].[/]       : Initializing Spring embedded WebApplicationContext
2022-01-05 17:48:32.442  INFO 82379 --- [restartedMain] w.s.c.ServletWebServerApplicationContext : Root WebApplicationContext: initialization completed in 181 ms
2022-01-05 17:48:32.468  INFO 82379 --- [restartedMain] o.hibernate.jpa.internal.util.LogHelper  : HHH000204: Processing PersistenceUnitInfo [name: default]
2022-01-05 17:48:32.470  INFO 82379 --- [restartedMain] com.zaxxer.hikari.HikariDataSource       : HikariPool-67 - Starting...
2022-01-05 17:48:32.476  INFO 82379 --- [restartedMain] com.zaxxer.hikari.HikariDataSource       : HikariPool-67 - Start completed.
2022-01-05 17:48:32.476  INFO 82379 --- [restartedMain] org.hibernate.dialect.Dialect            : HHH000400: Using dialect: org.hibernate.dialect.MySQL5InnoDBDialect
2022-01-05 17:48:32.489  INFO 82379 --- [restartedMain] o.h.e.t.j.p.i.JtaPlatformInitiator       : HHH000490: Using JtaPlatform implementation: [org.hibernate.engine.transaction.jta.platform.internal.NoJtaPlatform]
2022-01-05 17:48:32.490  INFO 82379 --- [restartedMain] j.LocalContainerEntityManagerFactoryBean : Initialized JPA EntityManagerFactory for persistence unit 'default'
2022-01-05 17:48:32.550  WARN 82379 --- [restartedMain] JpaBaseConfiguration$JpaWebConfiguration : spring.jpa.open-in-view is enabled by default. Therefore, database queries may be performed during view rendering. Explicitly configure spring.jpa.open-in-view to disable this warning
2022-01-05 17:48:32.615  INFO 82379 --- [restartedMain] o.s.b.d.a.OptionalLiveReloadServer       : LiveReload server is running on port 35729
2022-01-05 17:48:32.620  INFO 82379 --- [restartedMain] o.s.b.w.embedded.tomcat.TomcatWebServer  : Tomcat started on port(s): 8080 (http) with context path ''
2022-01-05 17:48:32.623  INFO 82379 --- [restartedMain] com.example.demo.DemoApplication         : Started DemoApplication in 0.379 seconds (JVM running for 24864.612)
2022-01-05 17:48:32.624  INFO 82379 --- [restartedMain] .ConditionEvaluationDeltaLoggingListener : Condition evaluation unchanged
2022-01-05 17:48:32.624 ERROR 82379 --- [restartedMain] com.example.demo.DemoApplication         : log4j logging
2022-01-05 17:48:32.624 ERROR 82379 --- [restartedMain] com.example.demo.DemoApplication         : slf4j loggin
2022-01-05 17:48:49.051  INFO 82379 --- [Thread-267] j.LocalContainerEntityManagerFactoryBean : Closing JPA EntityManagerFactory for persistence unit 'default'
2022-01-05 17:48:49.052  INFO 82379 --- [Thread-267] com.zaxxer.hikari.HikariDataSource       : HikariPool-67 - Shutdown initiated...
2022-01-05 17:48:49.059  INFO 82379 --- [Thread-267] com.zaxxer.hikari.HikariDataSource       : HikariPool-67 - Shutdown completed.
2022-01-05 17:48:49.208  INFO 82379 --- [restartedMain] com.example.demo.DemoApplication         : Starting DemoApplication using Java 11.0.11 on terminal-HP-15-Notebook-PC with PID 82379 (/home/terminal/dev-room/projects/spring-boot/demo/spring-backend/target/classes started by terminal in /home/terminal/dev-room/projects/spring-boot/demo/spring-backend)
2022-01-05 17:48:49.208  INFO 82379 --- [restartedMain] com.example.demo.DemoApplication         : No active profile set, falling back to default profiles: default
2022-01-05 17:48:49.364  INFO 82379 --- [restartedMain] .s.d.r.c.RepositoryConfigurationDelegate : Bootstrapping Spring Data JPA repositories in DEFAULT mode.
2022-01-05 17:48:49.371  INFO 82379 --- [restartedMain] .s.d.r.c.RepositoryConfigurationDelegate : Finished Spring Data repository scanning in 6 ms. Found 1 JPA repository interfaces.
2022-01-05 17:48:49.461  INFO 82379 --- [restartedMain] o.s.b.w.embedded.tomcat.TomcatWebServer  : Tomcat initialized with port(s): 8080 (http)
2022-01-05 17:48:49.461  INFO 82379 --- [restartedMain] o.apache.catalina.core.StandardService   : Starting service [Tomcat]
2022-01-05 17:48:49.461  INFO 82379 --- [restartedMain] org.apache.catalina.core.StandardEngine  : Starting Servlet engine: [Apache Tomcat/9.0.55]
2022-01-05 17:48:49.467  INFO 82379 --- [restartedMain] o.a.c.c.C.[Tomcat].[localhost].[/]       : Initializing Spring embedded WebApplicationContext
2022-01-05 17:48:49.467  INFO 82379 --- [restartedMain] w.s.c.ServletWebServerApplicationContext : Root WebApplicationContext: initialization completed in 257 ms
2022-01-05 17:48:49.504  INFO 82379 --- [restartedMain] o.hibernate.jpa.internal.util.LogHelper  : HHH000204: Processing PersistenceUnitInfo [name: default]
2022-01-05 17:48:49.507  INFO 82379 --- [restartedMain] com.zaxxer.hikari.HikariDataSource       : HikariPool-68 - Starting...
2022-01-05 17:48:49.509  INFO 82379 --- [restartedMain] com.zaxxer.hikari.HikariDataSource       : HikariPool-68 - Start completed.
2022-01-05 17:48:49.509  INFO 82379 --- [restartedMain] org.hibernate.dialect.Dialect            : HHH000400: Using dialect: org.hibernate.dialect.MySQL5InnoDBDialect
2022-01-05 17:48:49.525  INFO 82379 --- [restartedMain] o.h.e.t.j.p.i.JtaPlatformInitiator       : HHH000490: Using JtaPlatform implementation: [org.hibernate.engine.transaction.jta.platform.internal.NoJtaPlatform]
2022-01-05 17:48:49.526  INFO 82379 --- [restartedMain] j.LocalContainerEntityManagerFactoryBean : Initialized JPA EntityManagerFactory for persistence unit 'default'
2022-01-05 17:48:49.580  WARN 82379 --- [restartedMain] JpaBaseConfiguration$JpaWebConfiguration : spring.jpa.open-in-view is enabled by default. Therefore, database queries may be performed during view rendering. Explicitly configure spring.jpa.open-in-view to disable this warning
2022-01-05 17:48:49.669  INFO 82379 --- [restartedMain] o.s.b.d.a.OptionalLiveReloadServer       : LiveReload server is running on port 35729
2022-01-05 17:48:49.675  INFO 82379 --- [restartedMain] o.s.b.w.embedded.tomcat.TomcatWebServer  : Tomcat started on port(s): 8080 (http) with context path ''
2022-01-05 17:48:49.678  INFO 82379 --- [restartedMain] com.example.demo.DemoApplication         : Started DemoApplication in 0.49 seconds (JVM running for 24881.668)
2022-01-05 17:48:49.679  INFO 82379 --- [restartedMain] .ConditionEvaluationDeltaLoggingListener : Condition evaluation unchanged
2022-01-05 17:48:49.680 ERROR 82379 --- [restartedMain] com.example.demo.DemoApplication         : log4j logging
2022-01-05 17:48:49.680 ERROR 82379 --- [restartedMain] com.example.demo.DemoApplication         : slf4j loggin
2022-01-05 17:49:54.025  INFO 82379 --- [http-nio-8080-exec-1] o.a.c.c.C.[Tomcat].[localhost].[/]       : Initializing Spring DispatcherServlet 'dispatcherServlet'
2022-01-05 17:49:54.026  INFO 82379 --- [http-nio-8080-exec-1] o.s.web.servlet.DispatcherServlet        : Initializing Servlet 'dispatcherServlet'
2022-01-05 17:49:54.027  INFO 82379 --- [http-nio-8080-exec-1] o.s.web.servlet.DispatcherServlet        : Completed initialization in 1 ms
2022-01-05 18:49:32.203  INFO 82379 --- [SpringApplicationShutdownHook] j.LocalContainerEntityManagerFactoryBean : Closing JPA EntityManagerFactory for persistence unit 'default'
2022-01-05 18:49:32.203  INFO 82379 --- [SpringApplicationShutdownHook] com.zaxxer.hikari.HikariDataSource       : HikariPool-68 - Shutdown initiated...
2022-01-05 18:49:32.204  INFO 82379 --- [SpringApplicationShutdownHook] com.zaxxer.hikari.HikariDataSource       : HikariPool-68 - Shutdown completed.
